<?xml version="1.0" encoding="UTF-8"?>
<testng-results skipped="0" failed="0" ignored="0" total="1" passed="1">
  <reporter-output>
  </reporter-output>
  <suite name="Default suite" duration-ms="2822" started-at="2022-11-02T13:03:38 IST" finished-at="2022-11-02T13:03:41 IST">
    <groups>
    </groups>
    <test name="Default test" duration-ms="2822" started-at="2022-11-02T13:03:38 IST" finished-at="2022-11-02T13:03:41 IST">
      <class name="com.aqm.bdb.runner.TestNgRunner">
        <test-method status="PASS" signature="runner1()[pri:0, instance:com.aqm.bdb.runner.TestNgRunner@306279ee]" name="runner1" duration-ms="2783" started-at="2022-11-02T13:03:38 IST" finished-at="2022-11-02T13:03:41 IST">
          <reporter-output>
          </reporter-output>
        </test-method> <!-- runner1 -->
      </class> <!-- com.aqm.bdb.runner.TestNgRunner -->
    </test> <!-- Default test -->
  </suite> <!-- Default suite -->
</testng-results>
